#***************************************************************************

#sjplacer

#Version:            1.1

#Build Date:         Dec  5 2017 15:35:27

#File Generated:     Jan 20 2020 17:41:45

#Purpose:            

#Copyright (C) 2010-2011 by Softjin Technologies Pvt Ltd. All rights reserved.

#***************************************************************************

Executing : F:\PSoC Creator\4.2\PSoC Creator\bin/sjplacer.exe --proj-name PWM --netlist-vh2 PWM_p.vh2 --arch p4_udb2x2 --arch-file F:\PSoC Creator\4.2\PSoC Creator\dev\arch/udbdsi_2x2_04.cydata --ip-file F:\PSoC Creator\4.2\PSoC Creator\dev\psoc4/3/256dma/ip_blocks.cydata --rrg-file F:\PSoC Creator\4.2\PSoC Creator\dev\psoc4/3/256dma/route_arch-rrg.cydata --irq-file F:\PSoC Creator\4.2\PSoC Creator\dev\psoc4/3/256dma/irqconn.cydata --drq-file F:\PSoC Creator\4.2\PSoC Creator\dev\psoc4/3/256dma/triggerconn.cydata --dsi-conn-file F:\PSoC Creator\4.2\PSoC Creator\dev\psoc4/3/256dma/dsiconn.cydata --pins-file pins_56-QFN.xml --lib-file PWM_p.lib --sdc-file PWM.sdc --io-pcf PWM.pci --outdir .

		Softjin Techologies Placer, Version 1.1

Build Date : Dec  5 2017	15:33:41

D2004: Option and Settings Summary
=============================================================
Netlist vh2 file          - PWM_p.vh2
Architecture file         - F:\PSoC Creator\4.2\PSoC Creator\dev\arch/udbdsi_2x2_04.cydata
Package                   - 
Defparam file             - 
SDC file                  - PWM.sdc
Output directory          - .
Timing library            - PWM_p.lib
IO Placement file         - PWM.pci

D2050: Starting reading inputs for placer
=============================================================
D2065: Reading netlist file : "PWM_p.vh2"
D2065: Reading arch file : "F:\PSoC Creator\4.2\PSoC Creator\dev\arch/udbdsi_2x2_04.cydata"
D2051: Reading of inputs for placer completed successfully

D2053: Starting placement of the design
=============================================================

Phase 2
Phase 3
I2659: No Constrained paths were found. The placer will run in non-timing driven mode.

Design Statistics after Packing
    Number of Combinational MCs 	:	0
    Number of Sequential MCs    	:	0
    Number of DPs               	:	0
    Number of Controls          	:	0
    Number of Status            	:	0
    Number of SyncCells         	:	0
    Number of count7cells       	:	0

Device Utilization Summary after Packing
    Macrocells                  :	0/32
    UDBS                        :	0/4
    IOs                         :	2/38


D2088: Phase 3, elapsed time : 0.0 (sec)

Phase 4
D2088: Phase 4, elapsed time : 0.0 (sec)

Phase 8
D2088: Phase 8, elapsed time : 0.0 (sec)

D2054: Placement of the design completed successfully

I2076: Total run-time: 0.3 sec.

