--------------- Build Started: 01/20/2020 21:06:21 Project: PWM, Configuration: ARM GCC 5.4-2016-q2-update Debug ---------------
The code generation step is up to date.
arm-none-eabi-gcc.exe -mcpu=cortex-m0 -mthumb -I. -IGenerated_Source\PSoC4 -Wa,-alh=.\CortexM0\ARM_GCC_541\Debug/main.lst -g -D DEBUG -D CY_CORE_ID=0 -Wall -ffunction-sections -ffat-lto-objects -Og -c main.c -o .\CortexM0\ARM_GCC_541\Debug\main.o
main.c: In function 'sin':
main.c:27:22: warning: implicit declaration of function 'power' [-Wimplicit-function-declaration]
         toReturn +=  power(-1, (i - 1) / 2) * power(x, POWERS[i]) / FACTORIALS[i];
                      ^
main.c: In function 'main':
main.c:82:12: warning: variable 'modulationCoeff' set but not used [-Wunused-but-set-variable]
     double modulationCoeff = 0.5;
            ^
arm-none-eabi-ar.exe -rs .\CortexM0\ARM_GCC_541\Debug\PWM.a .\CortexM0\ARM_GCC_541\Debug\PWM_1.o .\CortexM0\ARM_GCC_541\Debug\PWM_1_PM.o .\CortexM0\ARM_GCC_541\Debug\Clock_1.o .\CortexM0\ARM_GCC_541\Debug\Pin_1.o .\CortexM0\ARM_GCC_541\Debug\Pin_1_PM.o .\CortexM0\ARM_GCC_541\Debug\cy_em_eeprom.o .\CortexM0\ARM_GCC_541\Debug\CyFlash.o .\CortexM0\ARM_GCC_541\Debug\CyLib.o .\CortexM0\ARM_GCC_541\Debug\cyPm.o .\CortexM0\ARM_GCC_541\Debug\cyutils.o .\CortexM0\ARM_GCC_541\Debug\CyDMA.o .\CortexM0\ARM_GCC_541\Debug\CyLFClk.o .\CortexM0\ARM_GCC_541\Debug\Pin_2.o .\CortexM0\ARM_GCC_541\Debug\Pin_2_PM.o .\CortexM0\ARM_GCC_541\Debug\CyBootAsmGnu.o
arm-none-eabi-ar.exe: creating .\CortexM0\ARM_GCC_541\Debug\PWM.a
arm-none-eabi-gcc.exe -Wl,--start-group -o C:\Users\Home\Desktop\POK\PWM\PWM.cydsn\CortexM0\ARM_GCC_541\Debug\PWM.elf .\CortexM0\ARM_GCC_541\Debug\main.o .\CortexM0\ARM_GCC_541\Debug\cyfitter_cfg.o .\CortexM0\ARM_GCC_541\Debug\cymetadata.o .\CortexM0\ARM_GCC_541\Debug\Cm0Start.o .\CortexM0\ARM_GCC_541\Debug\PWM.a -mcpu=cortex-m0 -mthumb -L Generated_Source\PSoC4 -Wl,-Map,.\CortexM0\ARM_GCC_541\Debug/PWM.map -T Generated_Source\PSoC4\cm0gcc.ld -specs=nano.specs -Wl,--gc-sections -g -ffunction-sections -Og -ffat-lto-objects -Wl,--end-group
cyelftool.exe -C C:\Users\Home\Desktop\POK\PWM\PWM.cydsn\CortexM0\ARM_GCC_541\Debug\PWM.elf --flash_row_size 256 --flash_size 262144 --flash_offset 0x00000000
No ELF section .cychecksum found, creating one
Application checksum calculated and stored in ELF section .cychecksum
Checksum calculated and stored in ELF section .cymeta
cyelftool.exe -S C:\Users\Home\Desktop\POK\PWM\PWM.cydsn\CortexM0\ARM_GCC_541\Debug\PWM.elf
Flash used: 3172 of 262144 bytes (1,2%).
SRAM used: 2576 of 32768 bytes (7,9%). Stack: 2048 bytes. Heap: 128 bytes.
--------------- Build Succeeded: 01/20/2020 21:06:22 ---------------
